#
# There is insufficient memory for the Java Runtime Environment to continue.
# Native memory allocation (mmap) failed to map 266338304 bytes for G1 virtual space
# Possible reasons:
#   The system is out of physical RAM or swap space
#   The process is running with CompressedOops enabled, and the Java Heap may be blocking the growth of the native heap
# Possible solutions:
#   Reduce memory load on the system
#   Increase physical memory or swap space
#   Check if swap backing store is full
#   Decrease Java heap size (-Xmx/-Xms)
#   Decrease number of Java threads
#   Decrease Java thread stack sizes (-Xss)
#   Set larger code cache with -XX:ReservedCodeCacheSize=
#   JVM is running with Zero Based Compressed Oops mode in which the Java heap is
#     placed in the first 32GB address space. The Java Heap base address is the
#     maximum limit for the native heap growth. Please use -XX:HeapBaseMinAddress
#     to set the Java Heap base and to place the Java Heap above 32GB virtual address.
# This output file may be truncated or incomplete.
#
#  Out of Memory Error (os_windows.cpp:3552), pid=2768, tid=23664
#
# JRE version:  (17.0.9+11) (build )
# Java VM: Java HotSpot(TM) 64-Bit Server VM (17.0.9+11-LTS-201, mixed mode, sharing, tiered, compressed oops, compressed class ptrs, g1 gc, windows-amd64)
# No core dump will be written. Minidumps are not enabled by default on client versions of Windows
#

---------------  S U M M A R Y ------------

Command Line: -XX:+ShowCodeDetailsInExceptionMessages StartPage

Host: Intel(R) Core(TM) i5-10300H CPU @ 2.50GHz, 8 cores, 15G,  Windows 11 , 64 bit Build 26058 (10.0.26058.1000)
Time: Tue Jun 11 00:37:56 2024 Iran Standard Time elapsed time: 0.023805 seconds (0d 0h 0m 0s)

---------------  T H R E A D  ---------------

Current thread (0x000002850f2c6330):  JavaThread "Unknown thread" [_thread_in_vm, id=23664, stack(0x000000ec9d700000,0x000000ec9d800000)]

Stack: [0x000000ec9d700000,0x000000ec9d800000]
Native frames: (J=compiled Java code, j=interpreted, Vv=VM code, C=native code)
V  [jvm.dll+0x678a4a]
V  [jvm.dll+0x7d9cfd]
V  [jvm.dll+0x7db60e]
V  [jvm.dll+0x7dbc73]
V  [jvm.dll+0x245e1f]
V  [jvm.dll+0x6758f9]
V  [jvm.dll+0x66a2a2]
V  [jvm.dll+0x303686]
V  [jvm.dll+0x30ac06]
V  [jvm.dll+0x35a48e]
V  [jvm.dll+0x35a6bf]
V  [jvm.dll+0x2da678]
V  [jvm.dll+0x2db5e4]
V  [jvm.dll+0x7ab6b1]
V  [jvm.dll+0x368041]
V  [jvm.dll+0x78a749]
V  [jvm.dll+0x3ebd4f]
V  [jvm.dll+0x3ed7d1]
C  [jli.dll+0x5297]
C  [ucrtbase.dll+0x69ee0]
C  [KERNEL32.DLL+0x28d17]
C  [ntdll.dll+0x77450]


---------------  P R O C E S S  ---------------

Threads class SMR info:
_java_thread_list=0x00007ffaf09589d8, length=0, elements={
}

Java Threads: ( => current thread )

Other Threads:
  0x000002850f32eb20 GCTaskThread "GC Thread#0" [stack: 0x000000ec9d800000,0x000000ec9d900000] [id=9856]
  0x000002850f341890 ConcurrentGCThread "G1 Main Marker" [stack: 0x000000ec9d900000,0x000000ec9da00000] [id=8008]
  0x000002850f3432b0 ConcurrentGCThread "G1 Conc#0" [stack: 0x000000ec9da00000,0x000000ec9db00000] [id=4504]

[error occurred during error reporting (printing all threads), id 0xc0000005, EXCEPTION_ACCESS_VIOLATION (0xc0000005) at pc=0x00007ffaf018b2d7]

VM state: not at safepoint (not fully initialized)

VM Mutex/Monitor currently owned by a thread:  ([mutex/lock_event])
[0x000002850f2c26d0] Heap_lock - owner thread: 0x000002850f2c6330

Heap address: 0x0000000702000000, size: 4064 MB, Compressed Oops mode: Zero based, Oop shift amount: 3

CDS archive(s) mapped at: [0x0000000000000000-0x0000000000000000-0x0000000000000000), size 0, SharedBaseAddress: 0x0000000800000000, ArchiveRelocationMode: 1.
Narrow klass base: 0x0000000000000000, Narrow klass shift: 0, Narrow klass range: 0x0

GC Precious Log:
<Empty>

Heap:
 garbage-first heap   total 0K, used 0K [0x0000000702000000, 0x0000000800000000)
  region size 2048K, 0 young (0K), 0 survivors (0K)

[error occurred during error reporting (printing heap information), id 0xc0000005, EXCEPTION_ACCESS_VIOLATION (0xc0000005) at pc=0x00007ffaf0572229]

GC Heap History (0 events):
No events

Deoptimization events (0 events):
No events

Classes unloaded (0 events):
No events

Classes redefined (0 events):
No events

Internal exceptions (0 events):
No events

VM Operations (0 events):
No events

Events (1 events):
Event: 0.013 Loaded shared library C:\Program Files\Java\jdk-17\bin\java.dll


Dynamic libraries:
0x00007ff6006b0000 - 0x00007ff6006c0000 	C:\Program Files\Java\jdk-17\bin\java.exe
0x00007ffb6f750000 - 0x00007ffb6f99f000 	C:\WINDOWS\SYSTEM32\ntdll.dll
0x00007ffb6e050000 - 0x00007ffb6e116000 	C:\WINDOWS\System32\KERNEL32.DLL
0x00007ffb6cce0000 - 0x00007ffb6d076000 	C:\WINDOWS\System32\KERNELBASE.dll
0x00007ffb6cb90000 - 0x00007ffb6ccdb000 	C:\WINDOWS\System32\ucrtbase.dll
0x00007ffb58bd0000 - 0x00007ffb58beb000 	C:\Program Files\Java\jdk-17\bin\VCRUNTIME140.dll
0x00007ffb69870000 - 0x00007ffb69889000 	C:\Program Files\Java\jdk-17\bin\jli.dll
0x00007ffb6d7c0000 - 0x00007ffb6d872000 	C:\WINDOWS\System32\ADVAPI32.dll
0x00007ffb6e350000 - 0x00007ffb6e3f9000 	C:\WINDOWS\System32\msvcrt.dll
0x00007ffb6d550000 - 0x00007ffb6d5f6000 	C:\WINDOWS\System32\sechost.dll
0x00007ffb6d080000 - 0x00007ffb6d0a6000 	C:\WINDOWS\System32\bcrypt.dll
0x00007ffb6e640000 - 0x00007ffb6e759000 	C:\WINDOWS\System32\RPCRT4.dll
0x00007ffb6e120000 - 0x00007ffb6e2df000 	C:\WINDOWS\System32\USER32.dll
0x00007ffb54f30000 - 0x00007ffb551c1000 	C:\WINDOWS\WinSxS\amd64_microsoft.windows.common-controls_6595b64144ccf1df_6.0.26058.1000_none_3fb4aebdb096c418\COMCTL32.dll
0x00007ffb6cac0000 - 0x00007ffb6cae7000 	C:\WINDOWS\System32\win32u.dll
0x00007ffb6d660000 - 0x00007ffb6d68a000 	C:\WINDOWS\System32\GDI32.dll
0x00007ffb6d130000 - 0x00007ffb6d250000 	C:\WINDOWS\System32\gdi32full.dll
0x00007ffb6d4a0000 - 0x00007ffb6d543000 	C:\WINDOWS\System32\msvcp_win.dll
0x00007ffb677f0000 - 0x00007ffb677fb000 	C:\WINDOWS\SYSTEM32\VERSION.dll
0x00007ffb6eae0000 - 0x00007ffb6eb0d000 	C:\WINDOWS\System32\IMM32.DLL
0x00007ffb58a40000 - 0x00007ffb58a4c000 	C:\Program Files\Java\jdk-17\bin\vcruntime140_1.dll
0x00007ffb42d10000 - 0x00007ffb42d9e000 	C:\Program Files\Java\jdk-17\bin\msvcp140.dll
0x00007ffaefea0000 - 0x00007ffaf0a81000 	C:\Program Files\Java\jdk-17\bin\server\jvm.dll
0x00007ffb6ede0000 - 0x00007ffb6ede8000 	C:\WINDOWS\System32\PSAPI.DLL
0x00007ffb67900000 - 0x00007ffb6790a000 	C:\WINDOWS\SYSTEM32\WSOCK32.dll
0x00007ffb65a40000 - 0x00007ffb65a76000 	C:\WINDOWS\SYSTEM32\WINMM.dll
0x00007ffb6f690000 - 0x00007ffb6f704000 	C:\WINDOWS\System32\WS2_32.dll
0x00007ffb6ba40000 - 0x00007ffb6ba5a000 	C:\WINDOWS\SYSTEM32\kernel.appcore.dll
0x00007ffb57e90000 - 0x00007ffb57e9a000 	C:\Program Files\Java\jdk-17\bin\jimage.dll
0x00007ffb6a450000 - 0x00007ffb6a68d000 	C:\WINDOWS\SYSTEM32\DBGHELP.DLL
0x00007ffb6e760000 - 0x00007ffb6ead9000 	C:\WINDOWS\System32\combase.dll
0x00007ffb6f3e0000 - 0x00007ffb6f4b6000 	C:\WINDOWS\System32\OLEAUT32.dll
0x00007ffb52c70000 - 0x00007ffb52ca9000 	C:\WINDOWS\SYSTEM32\dbgcore.DLL
0x00007ffb6caf0000 - 0x00007ffb6cb89000 	C:\WINDOWS\System32\bcryptPrimitives.dll
0x00007ffb47a40000 - 0x00007ffb47a65000 	C:\Program Files\Java\jdk-17\bin\java.dll

dbghelp: loaded successfully - version: 4.0.5 - missing functions: none
symbol engine: initialized successfully - sym options: 0x614 - pdb path: .;C:\Program Files\Java\jdk-17\bin;C:\WINDOWS\SYSTEM32;C:\WINDOWS\WinSxS\amd64_microsoft.windows.common-controls_6595b64144ccf1df_6.0.26058.1000_none_3fb4aebdb096c418;C:\Program Files\Java\jdk-17\bin\server

VM Arguments:
jvm_args: -XX:+ShowCodeDetailsInExceptionMessages 
java_command: StartPage
java_class_path (initial): C:\Users\atakz\AppData\Roaming\Code\User\workspaceStorage\413346c12cc7d947913cf36247583e66\redhat.java\jdt_ws\X-messenger_435d5b7e\bin
Launcher Type: SUN_STANDARD

[Global flags]
     intx CICompilerCount                          = 4                                         {product} {ergonomic}
     uint ConcGCThreads                            = 2                                         {product} {ergonomic}
     uint G1ConcRefinementThreads                  = 8                                         {product} {ergonomic}
   size_t G1HeapRegionSize                         = 2097152                                   {product} {ergonomic}
    uintx GCDrainStackTargetSize                   = 64                                        {product} {ergonomic}
   size_t InitialHeapSize                          = 266338304                                 {product} {ergonomic}
   size_t MarkStackSize                            = 4194304                                   {product} {ergonomic}
   size_t MaxHeapSize                              = 4261412864                                {product} {ergonomic}
   size_t MinHeapDeltaBytes                        = 2097152                                   {product} {ergonomic}
   size_t MinHeapSize                              = 8388608                                   {product} {ergonomic}
    uintx NonNMethodCodeHeapSize                   = 5839372                                {pd product} {ergonomic}
    uintx NonProfiledCodeHeapSize                  = 122909434                              {pd product} {ergonomic}
    uintx ProfiledCodeHeapSize                     = 122909434                              {pd product} {ergonomic}
    uintx ReservedCodeCacheSize                    = 251658240                              {pd product} {ergonomic}
     bool SegmentedCodeCache                       = true                                      {product} {ergonomic}
     bool ShowCodeDetailsInExceptionMessages       = true                                   {manageable} {command line}
   size_t SoftMaxHeapSize                          = 4261412864                             {manageable} {ergonomic}
     bool UseCompressedClassPointers               = true                           {product lp64_product} {ergonomic}
     bool UseCompressedOops                        = true                           {product lp64_product} {ergonomic}
     bool UseG1GC                                  = true                                      {product} {ergonomic}
     bool UseLargePagesIndividualAllocation        = false                                  {pd product} {ergonomic}

Logging:
Log output configuration:
 #0: stdout all=warning uptime,level,tags
 #1: stderr all=off uptime,level,tags

Environment Variables:
JAVA_HOME=C:\Program Files\Java\jdk-17\
CLASSPATH=C:\gson\gson-2.10.1.jar
PATH=C:\Program Files\Java\jdk-17\bin;C:\Windows\system32;C:\Windows;C:\Windows\System32\Wbem;C:\Windows\System32\WindowsPowerShell\v1.0\;C:\Windows\System32\OpenSSH\;C:\Program Files (x86)\NVIDIA Corporation\PhysX\Common;C:\WINDOWS\system32;C:\WINDOWS;C:\WINDOWS\System32\Wbem;C:\WINDOWS\System32\WindowsPowerShell\v1.0\;C:\WINDOWS\System32\OpenSSH\;C:\Program Files\dotnet\;C:\Program Files\Git\cmd;C:\Program Files\WireGuard\;C:\Program Files\PuTTY\;C:\Program Files\Cloudflare\Cloudflare WARP\;C:\Users\atakz\AppData\Local\Pub\Cache\bin;C:\Program Files\nodejs\;C:\WINDOWS\system32;C:\WINDOWS;C:\WINDOWS\System32\Wbem;C:\WINDOWS\System32\WindowsPowerShell\v1.0\;C:\WINDOWS\System32\OpenSSH\;C:\msys64\ucrt64\bin;C:\msys64\mingw64\bin;C:\msys64\mingw32\bin;C:\Users\atakz\AppData\Local\Programs\Python\Python311\Scripts\;C:\Users\atakz\AppData\Local\Programs\Python\Python311\;C:\src\flutter\bin;C:\Users\atakz\AppData\Local\Microsoft\WindowsApps;C:\Program Files\JetBrains\PyCharm 2021.1.2\bin;C:\Program Files\JetBrains\IntelliJ IDEA 2021.1.2\bin;C:\Users\atakz\AppData\Roaming\npm;C:\Users\atakz\AppData\Local\Programs\Microsoft VS Code\bin;C:\Users\atakz\AppData\Local\JetBrains\Toolbox\scripts;;C:\Users\atakz\AppData\Local\Microsoft\WindowsApps;F:\Apps\IntelliJ IDEA 2024.1.2\bin;
USERNAME=atakz
LANG=en_US.UTF-8
OS=Windows_NT
PROCESSOR_IDENTIFIER=Intel64 Family 6 Model 165 Stepping 2, GenuineIntel



---------------  S Y S T E M  ---------------

OS:
 Windows 11 , 64 bit Build 26058 (10.0.26058.1000)
OS uptime: 1 days 13:35 hours
Hyper-V role detected

CPU: total 8 (initial active 8) (4 cores per cpu, 2 threads per core) family 6 model 165 stepping 2 microcode 0xf4, cx8, cmov, fxsr, ht, mmx, 3dnowpref, sse, sse2, sse3, ssse3, sse4.1, sse4.2, popcnt, lzcnt, tsc, tscinvbit, avx, avx2, aes, erms, clmul, bmi1, bmi2, adx, fma, vzeroupper, clflush, clflushopt, hv

Memory: 4k page, system-wide physical 16251M (851M free)
TotalPageFile size 31339M (AvailPageFile size 181M)
current process WorkingSet (physical memory assigned to process): 12M, peak: 12M
current process commit charge ("private bytes"): 60M, peak: 314M

vm_info: Java HotSpot(TM) 64-Bit Server VM (17.0.9+11-LTS-201) for windows-amd64 JRE (17.0.9+11-LTS-201), built on Oct 10 2023 23:16:06 by "mach5one" with MS VC++ 17.1 (VS2022)

END.
